<?xml version="1.0" encoding="UTF-8"?>
<!-- Generated by org.testng.reporters.JUnitReportReporter -->
<testsuite hostname="DellPrecision5600" failures="0" tests="2" name="com.impetus.AppTest" time="0.017" errors="0" timestamp="2021-10-09T22:25:09 BST" skipped="0">
  <testcase classname="com.impetus.AppTest" name="testlogin1" time="0.016"/>
  <system-out/>
  <testcase classname="com.impetus.AppTest" name="testlogin2" time="0.001"/>
  <system-out/>
</testsuite> <!-- com.impetus.AppTest -->
