<?xml version="1.0" encoding="UTF-8"?>
<!-- Generated by org.testng.reporters.JUnitReportReporter -->
<testsuite skipped="0" hostname="DellPrecision5600" name="com.impetus.runners.TestRunner" tests="6" failures="3" timestamp="2021-10-18T12:39:44 BST" time="43.565" errors="0">
  <testcase name="runScenario" time="6.437" classname="com.impetus.runners.TestRunner">
    <failure type="java.lang.AssertionError" message="Login was unsuccessful. No customer account found. expected [Dashboard / nopCommerce administration] but found [Login was unsuccessful. No customer account found.]">
      <![CDATA[java.lang.AssertionError: Login was unsuccessful. No customer account found. expected [Dashboard / nopCommerce administration] but found [Login was unsuccessful. No customer account found.]
at org.testng.Assert.fail(Assert.java:99)
at org.testng.Assert.failNotEquals(Assert.java:1037)
at org.testng.Assert.assertEqualsImpl(Assert.java:140)
at org.testng.Assert.assertEquals(Assert.java:122)
at org.testng.Assert.assertEquals(Assert.java:629)
at com.impetus.stepDefinitions.LoginSteps.click_on_login(LoginSteps.java:51)
at ✽.Click on login(file:///C:/Users/dpayarda/eclipse-workspace/eCommerce/./Features/AdminLogin_InValidCredentials.feature:9)
]]>
    </failure>
  </testcase> <!-- runScenario -->
  <system-out/>
  <testcase name="runScenario" time="4.938" classname="com.impetus.runners.TestRunner">
    <failure type="java.lang.AssertionError" message="Login was unsuccessful. No customer account found. expected [Dashboard / nopCommerce administration] but found [Login was unsuccessful. No customer account found.]">
      <![CDATA[java.lang.AssertionError: Login was unsuccessful. No customer account found. expected [Dashboard / nopCommerce administration] but found [Login was unsuccessful. No customer account found.]
at org.testng.Assert.fail(Assert.java:99)
at org.testng.Assert.failNotEquals(Assert.java:1037)
at org.testng.Assert.assertEqualsImpl(Assert.java:140)
at org.testng.Assert.assertEquals(Assert.java:122)
at org.testng.Assert.assertEquals(Assert.java:629)
at com.impetus.stepDefinitions.LoginSteps.click_on_login(LoginSteps.java:51)
at ✽.Click on login(file:///C:/Users/dpayarda/eclipse-workspace/eCommerce/./Features/AdminLogin_InValidCredentials.feature:19)
]]>
    </failure>
  </testcase> <!-- runScenario -->
  <system-out/>
  <testcase name="runScenario" time="9.890" classname="com.impetus.runners.TestRunner"/>
  <system-out/>
  <testcase name="runScenario" time="9.854" classname="com.impetus.runners.TestRunner"/>
  <system-out/>
  <testcase name="runScenario" time="7.315" classname="com.impetus.runners.TestRunner"/>
  <system-out/>
  <testcase name="runScenario" time="5.131" classname="com.impetus.runners.TestRunner">
    <failure type="java.lang.AssertionError" message="Login was unsuccessful. No customer account found. expected [Dashboard / nopCommerce administration] but found [Login was unsuccessful. No customer account found.]">
      <![CDATA[java.lang.AssertionError: Login was unsuccessful. No customer account found. expected [Dashboard / nopCommerce administration] but found [Login was unsuccessful. No customer account found.]
at org.testng.Assert.fail(Assert.java:99)
at org.testng.Assert.failNotEquals(Assert.java:1037)
at org.testng.Assert.assertEqualsImpl(Assert.java:140)
at org.testng.Assert.assertEquals(Assert.java:122)
at org.testng.Assert.assertEquals(Assert.java:629)
at com.impetus.stepDefinitions.LoginSteps.click_on_login(LoginSteps.java:51)
at ✽.Click on login(file:///C:/Users/dpayarda/eclipse-workspace/eCommerce/./Features/AdminLogin_InValidCredentials.feature:19)
]]>
    </failure>
  </testcase> <!-- runScenario -->
  <system-out/>
</testsuite> <!-- com.impetus.runners.TestRunner -->
